<?xml version="1.0" encoding="UTF-8"?>
<testng-results ignored="0" total="1" passed="1" failed="0" skipped="0">
  <reporter-output>
  </reporter-output>
  <suite started-at="2024-10-25T01:25:22 IST" name="Default suite" finished-at="2024-10-25T01:25:28 IST" duration-ms="5443">
    <groups>
    </groups>
    <test started-at="2024-10-25T01:25:22 IST" name="Default test" finished-at="2024-10-25T01:25:28 IST" duration-ms="5443">
      <class name="tutorialsninja.register.TC_RF_001">
        <test-method signature="Verifylogin()[pri:0, instance:tutorialsninja.register.TC_RF_001@49139829]" started-at="2024-10-25T01:25:22 IST" name="Verifylogin" finished-at="2024-10-25T01:25:28 IST" duration-ms="5348" status="PASS">
          <reporter-output>
          </reporter-output>
        </test-method> <!-- Verifylogin -->
      </class> <!-- tutorialsninja.register.TC_RF_001 -->
    </test> <!-- Default test -->
  </suite> <!-- Default suite -->
</testng-results>
